
		\\mfsrvtr02\Developer_staging_website\aspnet_client\
		\\mfsrvtr02\Developer_staging_website\aspnet_client\system_web\
		\\mfsrvtr02\Developer_staging_website\aspnet_client\system_web\4_0_30319\
2024/05/01 14:14:22 ERROR 5 (0x00000005) Deleting Extra Directory \\mfsrvtr02\Developer_staging_website\aspnet_client\system_web\4_0_30319\
Access is denied.

2024/05/01 14:14:22 ERROR 5 (0x00000005) Deleting Extra Directory \\mfsrvtr02\Developer_staging_website\aspnet_client\system_web\
Access is denied.

2024/05/01 14:14:22 ERROR 5 (0x00000005) Deleting Extra Directory \\mfsrvtr02\Developer_staging_website\aspnet_client\
Access is denied.

	  			C:\gh\M-Files\_site\debug-deployment.log
	  			C:\gh\M-Files\_site\index.html
	  			C:\gh\M-Files\_site\redirects.json
	  			C:\gh\M-Files\_site\robots.txt
	  			C:\gh\M-Files\_site\sitemap.xml
	  			C:\gh\M-Files\_site\Privacy\index.html
	  			C:\gh\M-Files\_site\404\index.html
	  			C:\gh\M-Files\_site\APIs\index.html
	  			C:\gh\M-Files\_site\offline\index.html
	  			C:\gh\M-Files\_site\Built-In\index.html
	  			C:\gh\M-Files\_site\Concepts\index.html
	  			C:\gh\M-Files\_site\Samples-And-Libraries\index.html
	  			C:\gh\M-Files\_site\Legacy\index.html
	  			C:\gh\M-Files\_site\Getting-Started\index.html
	  			C:\gh\M-Files\_site\Frameworks\index.html
	  			C:\gh\M-Files\_site\UX-Design\index.html
	  			C:\gh\M-Files\_site\Logging\index.html
	  			C:\gh\M-Files\_site\APIs\REST-API\index.html
	  			C:\gh\M-Files\_site\Legacy\Vault-Application-Framework\index.html
	  			C:\gh\M-Files\_site\Samples-And-Libraries\Samples\index.html
	  			C:\gh\M-Files\_site\Samples-And-Libraries\Libraries\index.html
	  			C:\gh\M-Files\_site\Getting-Started\Objects-And-Versions\index.html
	  			C:\gh\M-Files\_site\Built-In\Theming\index.html
	  			C:\gh\M-Files\_site\Concepts\Aliases\index.html
	  			C:\gh\M-Files\_site\Built-In\URLs\index.html
	  			C:\gh\M-Files\_site\Built-In\Metadata-Card-Configuration\index.html
	  			C:\gh\M-Files\_site\Built-In\VBScript\index.html
	  			C:\gh\M-Files\_site\Concepts\InternalAndExternalIDs\index.html
	  			C:\gh\M-Files\_site\Built-In\External-Object-Type-Data-Source\index.html
	  			C:\gh\M-Files\_site\Frameworks\User-Interface-Extensibility-Framework\index.html
	  			C:\gh\M-Files\_site\UX-Design\Typography\index.html
	  			C:\gh\M-Files\_site\Logging\Vault-Application-Framework\index.html
	  			C:\gh\M-Files\_site\Logging\Sensitivity\index.html
	  			C:\gh\M-Files\_site\Logging\Targets\index.html
	  			C:\gh\M-Files\_site\UX-Design\Logo\index.html
	  			C:\gh\M-Files\_site\UX-Design\Data-Visualization\index.html
	  			C:\gh\M-Files\_site\UX-Design\Page-Layout\index.html
	  			C:\gh\M-Files\_site\UX-Design\Navigation-Patterns\index.html
	  			C:\gh\M-Files\_site\UX-Design\Colors\index.html
	  			C:\gh\M-Files\_site\UX-Design\Icons\index.html
	  			C:\gh\M-Files\_site\Frameworks\Vault-Application-Framework\index.html
	  			C:\gh\M-Files\_site\UX-Design\UI-Components\index.html
	  			C:\gh\M-Files\_site\APIs\REST-API\Deleting-Objects\index.html
	  			C:\gh\M-Files\_site\APIs\REST-API\Creating-And-Updating-Objects\index.html
	  			C:\gh\M-Files\_site\APIs\REST-API\Creating-Objects\index.html
	  			C:\gh\M-Files\_site\APIs\REST-API\Authentication\index.html
	  			C:\gh\M-Files\_site\APIs\REST-API\Searching\index.html
	  			C:\gh\M-Files\_site\APIs\REST-API\Updating-Objects\index.html
	  			C:\gh\M-Files\_site\APIs\REST-API\Useful-Applications\index.html
	  			C:\gh\M-Files\_site\Legacy\Vault-Application-Framework\Background-Operations\index.html
	  			C:\gh\M-Files\_site\APIs\REST-API\Vault-Extension-Methods\index.html
	  			C:\gh\M-Files\_site\Legacy\Vault-Application-Framework\Visual-Studio\index.html
	  			C:\gh\M-Files\_site\Frameworks\User-Interface-Extensibility-Framework\Fast-Navigation\index.html
	  			C:\gh\M-Files\_site\Frameworks\User-Interface-Extensibility-Framework\Development-Practices\index.html
	  			C:\gh\M-Files\_site\Samples-And-Libraries\Samples\User-Interface-Extensibility-Framework\index.html
	  			C:\gh\M-Files\_site\Frameworks\User-Interface-Extensibility-Framework\Dashboards\index.html
	  			C:\gh\M-Files\_site\Samples-And-Libraries\Samples\COM-API\index.html
	  			C:\gh\M-Files\_site\Frameworks\Vault-Application-Framework\Searching\index.html
	  			C:\gh\M-Files\_site\Samples-And-Libraries\Libraries\REST-API\index.html
	  			C:\gh\M-Files\_site\Built-In\External-Object-Type-Data-Source\Default-Refresh-Logic\index.html
	  			C:\gh\M-Files\_site\Samples-And-Libraries\Samples\REST-API\index.html
	  			C:\gh\M-Files\_site\Frameworks\User-Interface-Extensibility-Framework\Application-Definition\index.html
	  			C:\gh\M-Files\_site\Frameworks\Vault-Application-Framework\Versions\index.html
	  			C:\gh\M-Files\_site\Frameworks\User-Interface-Extensibility-Framework\Modules\index.html
	  			C:\gh\M-Files\_site\Built-In\VBScript\Vault-Reference\index.html
	  			C:\gh\M-Files\_site\Frameworks\Vault-Application-Framework\Development-Practices\index.html
	  			C:\gh\M-Files\_site\Samples-And-Libraries\Samples\Processes\index.html
	  			C:\gh\M-Files\_site\Frameworks\Vault-Application-Framework\Logging\index.html
	  			C:\gh\M-Files\_site\Samples-And-Libraries\Samples\Vault-Application-Framework\index.html
	  			C:\gh\M-Files\_site\Frameworks\Vault-Application-Framework\Background-Operations\index.html
	  			C:\gh\M-Files\_site\Frameworks\Vault-Application-Framework\Tools\index.html
	  			C:\gh\M-Files\_site\Frameworks\Vault-Application-Framework\Cloud\index.html
	  			C:\gh\M-Files\_site\Samples-And-Libraries\Libraries\COM-API\index.html
	  			C:\gh\M-Files\_site\Frameworks\Vault-Application-Framework\Vault-Reference\index.html
	  			C:\gh\M-Files\_site\Frameworks\Vault-Application-Framework\Attributes\index.html
	  			C:\gh\M-Files\_site\Frameworks\Vault-Application-Framework\Helpers\index.html
	  			C:\gh\M-Files\_site\Frameworks\Vault-Application-Framework\Multi-Server-Mode\index.html
	  			C:\gh\M-Files\_site\Frameworks\Vault-Application-Framework\Task-Queues\index.html
	  			C:\gh\M-Files\_site\Frameworks\Vault-Application-Framework\Visual-Studio-Template\index.html
	  			C:\gh\M-Files\_site\styles\print.css
	  			C:\gh\M-Files\_site\styles\print.css.map
	  			C:\gh\M-Files\_site\styles\site.css
	  			C:\gh\M-Files\_site\styles\site.css.map
	  			C:\gh\M-Files\_site\User-Experience\index.html
	  			C:\gh\M-Files\_site\PWA\index.html
	  			C:\gh\M-Files\_site\Search\index.html
	  			C:\gh\M-Files\_site\APIs\REST-API\Authentication\Pre-Shared-Keys\index.html
	  			C:\gh\M-Files\_site\Links\index.html
	  			C:\gh\M-Files\_site\Frameworks\User-Interface-Extensibility-Framework\Development-Practices\Asynchronous-API-Programming\index.html
	  			C:\gh\M-Files\_site\Intelligent-Metadata-Layer\index.html
	  			C:\gh\M-Files\_site\Frameworks\User-Interface-Extensibility-Framework\Development-Practices\Deployment\index.html
	  			C:\gh\M-Files\_site\Frameworks\User-Interface-Extensibility-Framework\Development-Practices\Event-Registration-And-Entry-Points\index.html
	  			C:\gh\M-Files\_site\Frameworks\User-Interface-Extensibility-Framework\Development-Practices\Platform-Targeting\index.html
	  			C:\gh\M-Files\_site\Samples-And-Libraries\Samples\User-Interface-Extensibility-Framework\BuiltInCommand-Event\index.html
	  			C:\gh\M-Files\_site\Frameworks\Vault-Application-Framework\Attributes\Configuration\index.html
	  			C:\gh\M-Files\_site\Frameworks\Vault-Application-Framework\Tools\Other-IDEs\index.html
	  			C:\gh\M-Files\_site\Frameworks\Vault-Application-Framework\Attributes\Event-Handlers\index.html
	  			C:\gh\M-Files\_site\Frameworks\Vault-Application-Framework\Development-Practices\DotNet-Configuration-Files\index.html
	  			C:\gh\M-Files\_site\Samples-And-Libraries\Samples\Processes\Copying-Objects\index.html
	  			C:\gh\M-Files\_site\Frameworks\Vault-Application-Framework\Development-Practices\Exceptions\index.html
	  			C:\gh\M-Files\_site\Frameworks\Vault-Application-Framework\Tools\Visual-Studio\index.html
	  			C:\gh\M-Files\_site\Samples-And-Libraries\Samples\Vault-Application-Framework\Upgrading-VAF2.0-To-2.1\index.html
	  			C:\gh\M-Files\_site\Frameworks\Vault-Application-Framework\Attributes\Properties\index.html
	  			C:\gh\M-Files\_site\Frameworks\Vault-Application-Framework\Attributes\Vault-Extension-Methods\index.html
	  			C:\gh\M-Files\_site\APIs\COM-API\index.html
	  			C:\gh\M-Files\_site\Frameworks\Logging\index.html
	  			C:\gh\M-Files\_site\Getting-Started\Vault-Structure\index.html
	  			C:\gh\M-Files\_site\Frameworks\Vault-Application-Framework\Attributes\Workflows\index.html
	  			C:\gh\M-Files\_site\Frameworks\Vault-Application-Framework\Helpers\MFPropertyValuesBuilder\index.html
	  			C:\gh\M-Files\_site\Frameworks\Vault-Application-Framework\Helpers\MFFileHelper\index.html
	  			C:\gh\M-Files\_site\Frameworks\Vault-Application-Framework\Helpers\MFUtils\index.html
	  			C:\gh\M-Files\_site\Frameworks\Vault-Application-Framework\Helpers\ObjVerChanges\index.html
	  			C:\gh\M-Files\_site\Frameworks\Vault-Application-Framework\Helpers\ObjVerEx\index.html
	  			C:\gh\M-Files\_site\Frameworks\Vault-Application-Framework\Helpers\MFSearchBuilder\index.html
	  			C:\gh\M-Files\_site\Frameworks\Vault-Application-Framework\Helpers\UrlHelper\index.html
	  			C:\gh\M-Files\_site\Frameworks\Vault-Application-Framework\Helpers\SysUtils\index.html
	  			C:\gh\M-Files\_site\Frameworks\Vault-Application-Framework\Multi-Server-Mode\In-Memory-State\index.html
	  			C:\gh\M-Files\_site\Frameworks\Vault-Application-Framework\Task-Queues\Concurrent\index.html
	  			C:\gh\M-Files\_site\Frameworks\Vault-Application-Framework\Multi-Server-Mode\Recurring-Tasks\index.html
	  			C:\gh\M-Files\_site\Frameworks\Vault-Application-Framework\Task-Queues\Recurring-Tasks\index.html
	  			C:\gh\M-Files\_site\Frameworks\Vault-Application-Framework\Task-Queues\Broadcast\index.html
	  			C:\gh\M-Files\_site\Frameworks\Vault-Application-Framework\Multi-Server-Mode\Task-Queues\index.html
	  			C:\gh\M-Files\_site\Frameworks\Vault-Application-Framework\Task-Queues\Sequential\index.html
	  			C:\gh\M-Files\_site\Frameworks\Vault-Application-Framework\Visual-Studio\Attach-To-Process\index.html
	  			C:\gh\M-Files\_site\Frameworks\Vault-Application-Framework\Visual-Studio\Code-Snippets\index.html
	  			C:\gh\M-Files\_site\Frameworks\Vault-Application-Framework\Visual-Studio\Attach-To-Processes\index.html
	  			C:\gh\M-Files\_site\APIs\REST-API\Concepts\index.html
	  			C:\gh\M-Files\_site\Frameworks\Vault-Application-Framework\Visual-Studio\Template\index.html
	  			C:\gh\M-Files\_site\APIs\REST-API\Reference\compatibility.html
	  			C:\gh\M-Files\_site\APIs\REST-API\Reference\enumerations.html
	  			C:\gh\M-Files\_site\APIs\REST-API\Reference\error.html
	  			C:\gh\M-Files\_site\APIs\REST-API\Reference\gettingstarted.html
	  			C:\gh\M-Files\_site\APIs\REST-API\Reference\index.html
	  			C:\gh\M-Files\_site\APIs\REST-API\Reference\overview.html
	  			C:\gh\M-Files\_site\Built-In\External-Object-Type-Data-Source\Custom\index.html
	  			C:\gh\M-Files\_site\APIs\REST-API\Reference\parameters.html
	  			C:\gh\M-Files\_site\APIs\REST-API\Reference\resources.html
	  			C:\gh\M-Files\_site\APIs\REST-API\Reference\samples.html
	  			C:\gh\M-Files\_site\APIs\REST-API\Reference\structs.html
	  			C:\gh\M-Files\_site\APIs\REST-API\Reference\syntax.html
	  			C:\gh\M-Files\_site\Frameworks\Vault-Application-Framework\Visual-Studio\VAF2.1\index.html
	  			C:\gh\M-Files\_site\Frameworks\Vault-Application-Framework\Visual-Studio\VAF2.0\index.html
	  			C:\gh\M-Files\_site\Built-In\VBScript\Audit-Trail-And-Scripting\index.html
	  			C:\gh\M-Files\_site\Built-In\VBScript\Vault-Extension-Methods\index.html
	  			C:\gh\M-Files\_site\Frameworks\Vault-Application-Framework\Configuration\index.html
	  			C:\gh\M-Files\_site\Frameworks\Vault-Application-Framework\Licensing\index.html
	  			C:\gh\M-Files\_site\Frameworks\Vault-Application-Framework\Distributing-Child-Applications\index.html
	  			C:\gh\M-Files\_site\Frameworks\User-Interface-Extensibility-Framework\Fast-Browsing\index.html
	  			C:\gh\M-Files\_site\Frameworks\User-Interface-Extensibility-Framework\Pre-Approval\index.html
	  			C:\gh\M-Files\_site\Frameworks\User-Interface-Extensibility-Framework\Visual-Studio\index.html
	  			C:\gh\M-Files\_site\Frameworks\Vault-Application-Framework\Visual-Studio-Template\VAF2.1\index.html
	  			C:\gh\M-Files\_site\Frameworks\Vault-Application-Framework\Visual-Studio-Template\Code-Snippets\index.html
	  			C:\gh\M-Files\_site\Frameworks\Vault-Application-Framework\Visual-Studio\VAF2.2\index.html
	  			C:\gh\M-Files\_site\Frameworks\Vault-Application-Framework\Visual-Studio-Template\VAF2.0\index.html
	  			C:\gh\M-Files\_site\Frameworks\Vault-Application-Framework\Visual-Studio-Template\VAF2.2\index.html
	  			C:\gh\M-Files\_site\APIs\REST-API\Authentication\Single-Sign-On\index.html
	  			C:\gh\M-Files\_site\Frameworks\User-Interface-Extensibility-Framework\Development-Practices\Debugging\index.html
	  			C:\gh\M-Files\_site\Legacy\Vault-Application-Framework\Visual-Studio\VAF2.1\index.html
	  			C:\gh\M-Files\_site\Legacy\Vault-Application-Framework\Visual-Studio\VAF2.0\index.html
	  			C:\gh\M-Files\_site\Samples-And-Libraries\Samples\User-Interface-Extensibility-Framework\AssignToMe\index.html
	  			C:\gh\M-Files\_site\Frameworks\User-Interface-Extensibility-Framework\Development-Practices\Local-Development-Folder\index.html
	  			C:\gh\M-Files\_site\Samples-And-Libraries\Samples\User-Interface-Extensibility-Framework\HelloWorld\index.html
	  			C:\gh\M-Files\_site\Frameworks\User-Interface-Extensibility-Framework\Development-Practices\Object-Lifecycle\index.html
	  			C:\gh\M-Files\_site\Frameworks\Vault-Application-Framework\Development-Practices\Debugging\index.html
	  			C:\gh\M-Files\_site\Frameworks\User-Interface-Extensibility-Framework\Application-Definition\Master-Application-Guid\index.html
	  			C:\gh\M-Files\_site\Samples-And-Libraries\Samples\User-Interface-Extensibility-Framework\Commands\index.html
	  			C:\gh\M-Files\_site\Legacy\Vault-Application-Framework\Visual-Studio\VAF2.2\index.html
	  			C:\gh\M-Files\_site\Samples-And-Libraries\Samples\User-Interface-Extensibility-Framework\Display-Persistent-Web-Page-In-Tab\index.html
	  			C:\gh\M-Files\_site\Intelligent-Metadata-Layer\External-Repository-Connectors\index.html
	  			C:\gh\M-Files\_site\Intelligent-Metadata-Layer\Intelligence-Services\index.html
	  			C:\gh\M-Files\_site\Samples-And-Libraries\Samples\Processes\Maintaining-Original-Template\index.html
	  			C:\gh\M-Files\_site\Samples-And-Libraries\Samples\Processes\Client-To-Server-Communication\index.html
	  			C:\gh\M-Files\_site\APIs\COM-API\Connecting-And-Authenticating\index.html
	  			C:\gh\M-Files\_site\APIs\COM-API\Creating-Objects\index.html
	  			C:\gh\M-Files\_site\APIs\COM-API\Deleting-Objects\index.html
	  			C:\gh\M-Files\_site\APIs\COM-API\Updating-Objects\index.html
	  			C:\gh\M-Files\_site\Frameworks\Logging\Layout-Renderers\index.html
	  			C:\gh\M-Files\_site\Frameworks\Logging\Vault-Application-Framework\index.html
	  			C:\gh\M-Files\_site\User-Experience\Writing-Style\index.html
	  			C:\gh\M-Files\_site\User-Experience\UI-Components\index.html
	  			C:\gh\M-Files\_site\User-Experience\Page-Layout\index.html
	  			C:\gh\M-Files\_site\User-Experience\Typography\index.html
	  			C:\gh\M-Files\_site\User-Experience\Logo\index.html
	  			C:\gh\M-Files\_site\User-Experience\Icons\index.html
	  			C:\gh\M-Files\_site\User-Experience\Navigation-Patterns\index.html
	  			C:\gh\M-Files\_site\User-Experience\Colors\index.html
	  			C:\gh\M-Files\_site\User-Experience\Data-Visualization\index.html
	  			C:\gh\M-Files\_site\Frameworks\Vault-Application-Framework\Multi-Server-Mode\Task-Queues\Broadcast\index.html
	  			C:\gh\M-Files\_site\Frameworks\Vault-Application-Framework\Multi-Server-Mode\Task-Queues\Concurrent\index.html
	  			C:\gh\M-Files\_site\Frameworks\Vault-Application-Framework\Multi-Server-Mode\Task-Queues\Sequential\index.html
	  			C:\gh\M-Files\_site\Frameworks\Vault-Application-Framework\Multi-Server-Mode\Task-Queues\Recurring-Tasks\index.html
	  			C:\gh\M-Files\_site\APIs\REST-API\Reference\compatibility\index.html
	  			C:\gh\M-Files\_site\APIs\REST-API\Reference\iml\index.html
	  			C:\gh\M-Files\_site\APIs\REST-API\Reference\samples\index.html
	  			C:\gh\M-Files\_site\APIs\REST-API\Reference\gettingstarted\index.html
	  			C:\gh\M-Files\_site\APIs\REST-API\Reference\syntax\index.html
	  			C:\gh\M-Files\_site\APIs\REST-API\Reference\overview\index.html
	  			C:\gh\M-Files\_site\APIs\REST-API\Reference\error\index.html
	  			C:\gh\M-Files\_site\APIs\REST-API\Reference\styles\base.css
	  			C:\gh\M-Files\_site\APIs\REST-API\Reference\styles\base.css.map
	  			C:\gh\M-Files\_site\APIs\REST-API\Reference\enumerations\index.html
	  			C:\gh\M-Files\_site\APIs\REST-API\Reference\enumerations\mfaclmode.html
	  			C:\gh\M-Files\_site\APIs\REST-API\Reference\enumerations\mfauthtype.html
	  			C:\gh\M-Files\_site\APIs\REST-API\Reference\enumerations\mfautomaticvaluetype.html
	  			C:\gh\M-Files\_site\APIs\REST-API\Reference\enumerations\mfcheckoutstatus.html
	  			C:\gh\M-Files\_site\APIs\REST-API\Reference\enumerations\mfdatatype.html
	  			C:\gh\M-Files\_site\APIs\REST-API\Reference\enumerations\mffoldercontentitemtype.html
	  			C:\gh\M-Files\_site\APIs\REST-API\Reference\enumerations\mfobjectversionflag.html
	  			C:\gh\M-Files\_site\APIs\REST-API\Reference\enumerations\mfrefreshstatus.html
	  			C:\gh\M-Files\_site\APIs\REST-API\Reference\parameters\index.html
	  			C:\gh\M-Files\_site\APIs\REST-API\Reference\resources\automaticmetadata.html
	  			C:\gh\M-Files\_site\APIs\REST-API\Reference\resources\favorites.html
	  			C:\gh\M-Files\_site\APIs\REST-API\Reference\resources\files.html
	  			C:\gh\M-Files\_site\APIs\REST-API\Reference\resources\index.html
	  			C:\gh\M-Files\_site\APIs\REST-API\Reference\resources\objects.html
	  			C:\gh\M-Files\_site\APIs\REST-API\Reference\resources\recentlyaccessedbyme.html
	  			C:\gh\M-Files\_site\APIs\REST-API\Reference\resources\repositories.html
	  			C:\gh\M-Files\_site\APIs\REST-API\Reference\resources\server.html
	  			C:\gh\M-Files\_site\APIs\REST-API\Reference\resources\session.html
	  			C:\gh\M-Files\_site\APIs\REST-API\Reference\resources\structure.html
	  			C:\gh\M-Files\_site\APIs\REST-API\Reference\structs\associatedpropertydef.html
	  			C:\gh\M-Files\_site\APIs\REST-API\Reference\structs\authentication.html
	  			C:\gh\M-Files\_site\APIs\REST-API\Reference\structs\automaticmetadatarequestinfo.html
	  			C:\gh\M-Files\_site\APIs\REST-API\Reference\structs\classgroup.html
	  			C:\gh\M-Files\_site\APIs\REST-API\Reference\structs\exceptioninfo.html
	  			C:\gh\M-Files\_site\APIs\REST-API\Reference\structs\extendedobjectclass.html
	  			C:\gh\M-Files\_site\APIs\REST-API\Reference\structs\extendedobjectversion.html
	  			C:\gh\M-Files\_site\APIs\REST-API\Reference\structs\foldercontentitem.html
	  			C:\gh\M-Files\_site\APIs\REST-API\Reference\structs\foldercontentitems.html
	  			C:\gh\M-Files\_site\APIs\REST-API\Reference\structs\index.html
	  			C:\gh\M-Files\_site\APIs\REST-API\Reference\structs\lookup.html
	  			C:\gh\M-Files\_site\APIs\REST-API\Reference\structs\objectclass.html
	  			C:\gh\M-Files\_site\APIs\REST-API\Reference\structs\objectcreationinfo.html
	  			C:\gh\M-Files\_site\APIs\REST-API\Reference\structs\objectfile.html
	  			C:\gh\M-Files\_site\APIs\REST-API\Reference\structs\objectversion.html
	  			C:\gh\M-Files\_site\APIs\REST-API\Reference\structs\objectworkflowstate.html
	  			C:\gh\M-Files\_site\APIs\REST-API\Reference\structs\objid.html
	  			C:\gh\M-Files\_site\APIs\REST-API\Reference\structs\objtype.html
	  			C:\gh\M-Files\_site\APIs\REST-API\Reference\structs\objver.html
	  			C:\gh\M-Files\_site\APIs\REST-API\Reference\structs\passwordchange.html
	  			C:\gh\M-Files\_site\APIs\REST-API\Reference\structs\plugininfoconfiguration.html
	  			C:\gh\M-Files\_site\APIs\REST-API\Reference\structs\primitivetypet.html
	  			C:\gh\M-Files\_site\APIs\REST-API\Reference\structs\propertydef.html
	  			C:\gh\M-Files\_site\APIs\REST-API\Reference\structs\propertyvalue.html
	  			C:\gh\M-Files\_site\APIs\REST-API\Reference\structs\propertyvaluesuggestion.html
	  			C:\gh\M-Files\_site\APIs\REST-API\Reference\structs\publickey.html
	  			C:\gh\M-Files\_site\APIs\REST-API\Reference\structs\repositoryauthentication.html
	  			C:\gh\M-Files\_site\APIs\REST-API\Reference\structs\repositoryauthenticationstatus.html
	  			C:\gh\M-Files\_site\APIs\REST-API\Reference\structs\repositoryauthenticationtarget.html
	  			C:\gh\M-Files\_site\APIs\REST-API\Reference\structs\resultst.html
	  			C:\gh\M-Files\_site\APIs\REST-API\Reference\structs\sessioninfo.html
	  			C:\gh\M-Files\_site\APIs\REST-API\Reference\structs\stacktraceelement.html
	  			C:\gh\M-Files\_site\APIs\REST-API\Reference\structs\statusresponse.html
	  			C:\gh\M-Files\_site\APIs\REST-API\Reference\structs\typedvalue.html
	  			C:\gh\M-Files\_site\APIs\REST-API\Reference\structs\uploadinfo.html
	  			C:\gh\M-Files\_site\APIs\REST-API\Reference\structs\valuelistitem.html
	  			C:\gh\M-Files\_site\APIs\REST-API\Reference\structs\vault.html
	  			C:\gh\M-Files\_site\APIs\REST-API\Reference\structs\versioncomment.html
	  			C:\gh\M-Files\_site\APIs\REST-API\Reference\structs\view.html
	  			C:\gh\M-Files\_site\APIs\REST-API\Reference\structs\viewlocation.html
	  			C:\gh\M-Files\_site\APIs\REST-API\Reference\structs\webserviceerror.html
	  			C:\gh\M-Files\_site\APIs\REST-API\Reference\structs\workflow.html
	  			C:\gh\M-Files\_site\APIs\REST-API\Reference\structs\workflowstate.html
	  			C:\gh\M-Files\_site\Frameworks\Vault-Application-Framework\Attributes\Configuration\Security\index.html
	  			C:\gh\M-Files\_site\APIs\COM-API\Searching\index.html
	  			C:\gh\M-Files\_site\Frameworks\Logging\Sensitivity\index.html
	  			C:\gh\M-Files\_site\Frameworks\Logging\Targets\index.html
	  			C:\gh\M-Files\_site\Frameworks\Vault-Application-Framework\Tools\Visual-Studio\Code-Snippets\index.html
	  			C:\gh\M-Files\_site\Getting-Started\Vault-Structure\Aliases\index.html
	  			C:\gh\M-Files\_site\Frameworks\Vault-Application-Framework\Tools\Visual-Studio\Template\index.html
	  			C:\gh\M-Files\_site\Frameworks\Vault-Application-Framework\Tools\Visual-Studio\Attach-To-Processes\index.html
	  			C:\gh\M-Files\_site\Legacy\Vault-Application-Framework\Visual-Studio\VAF2.2\Multi-Server-Mode\index.html
	  			C:\gh\M-Files\_site\Getting-Started\Vault-Structure\InternalAndExternalIDs\index.html
	  			C:\gh\M-Files\_site\APIs\COM-API\Connecting-And-Authenticating\Pre-Shared-Keys\index.html
	  			C:\gh\M-Files\_site\Frameworks\Vault-Application-Framework\Configuration\Filtering\index.html
	  			C:\gh\M-Files\_site\Frameworks\Vault-Application-Framework\Configuration\Hierarchical-Configuration\index.html
	  			C:\gh\M-Files\_site\Frameworks\Vault-Application-Framework\Configuration\Editors\index.html
	  			C:\gh\M-Files\_site\Frameworks\Vault-Application-Framework\Configuration\Custom-Dashboards\index.html
	  			C:\gh\M-Files\_site\Frameworks\Vault-Application-Framework\Configuration\Custom-Validation\index.html
	  			C:\gh\M-Files\_site\Frameworks\Vault-Application-Framework\Configuration\Showing-And-Hiding\index.html
	  			C:\gh\M-Files\_site\Frameworks\Vault-Application-Framework\Configuration\Commands\index.html
	  			C:\gh\M-Files\_site\Intelligent-Metadata-Layer\Intelligence-Services\Visual-Studio\index.html
	  			C:\gh\M-Files\_site\Intelligent-Metadata-Layer\External-Repository-Connectors\Visual-Studio\index.html
	  			C:\gh\M-Files\_site\APIs\REST-API\Reference\enumerations\mfaclmode\index.html
	  			C:\gh\M-Files\_site\APIs\REST-API\Reference\enumerations\mfauthtype\index.html
	  			C:\gh\M-Files\_site\APIs\REST-API\Reference\enumerations\mfautomaticvaluetype\index.html
	  			C:\gh\M-Files\_site\APIs\REST-API\Reference\enumerations\mffileverversiontype\index.html
	  			C:\gh\M-Files\_site\APIs\REST-API\Reference\enumerations\mfcheckoutstatus\index.html
	  			C:\gh\M-Files\_site\APIs\REST-API\Reference\enumerations\mfrefreshstatus\index.html
	  			C:\gh\M-Files\_site\APIs\REST-API\Reference\enumerations\mffoldercontentitemtype\index.html
	  			C:\gh\M-Files\_site\APIs\REST-API\Reference\enumerations\mfobjectversionflag\index.html
	  			C:\gh\M-Files\_site\APIs\REST-API\Reference\enumerations\mfdatatype\index.html
	  			C:\gh\M-Files\_site\APIs\REST-API\Reference\enumerations\mfobjverversiontype\index.html
	  			C:\gh\M-Files\_site\APIs\REST-API\Reference\resources\sharedlinks\index.html
	  			C:\gh\M-Files\_site\APIs\REST-API\Reference\resources\views\index.html
	  			C:\gh\M-Files\_site\APIs\REST-API\Reference\resources\views\path.html
	  			C:\gh\M-Files\_site\APIs\REST-API\Reference\resources\valuelists\index.html
	  			C:\gh\M-Files\_site\APIs\REST-API\Reference\resources\favorites\index.html
	  			C:\gh\M-Files\_site\APIs\REST-API\Reference\resources\files\index.html
	  			C:\gh\M-Files\_site\APIs\REST-API\Reference\resources\structure\classes.html
	  			C:\gh\M-Files\_site\APIs\REST-API\Reference\resources\structure\index.html
	  			C:\gh\M-Files\_site\APIs\REST-API\Reference\resources\structure\objecttypes.html
	  			C:\gh\M-Files\_site\APIs\REST-API\Reference\resources\structure\properties.html
	  			C:\gh\M-Files\_site\APIs\REST-API\Reference\resources\structure\workflows.html
	  			C:\gh\M-Files\_site\APIs\REST-API\Reference\resources\objects\index.html
	  			C:\gh\M-Files\_site\APIs\REST-API\Reference\resources\objects\properties.html
	  			C:\gh\M-Files\_site\APIs\REST-API\Reference\resources\objects\type.html
	  			C:\gh\M-Files\_site\APIs\REST-API\Reference\resources\recentlyaccessedbyme\index.html
	  			C:\gh\M-Files\_site\APIs\REST-API\Reference\resources\repositories\index.html
	  			C:\gh\M-Files\_site\APIs\REST-API\Reference\resources\server\authenticationtokens.html
	  			C:\gh\M-Files\_site\APIs\REST-API\Reference\resources\server\index.html
	  			C:\gh\M-Files\_site\APIs\REST-API\Reference\resources\server\publickey.html
	  			C:\gh\M-Files\_site\APIs\REST-API\Reference\resources\server\status.html
	  			C:\gh\M-Files\_site\APIs\REST-API\Reference\resources\server\vaults.html
	  			C:\gh\M-Files\_site\APIs\REST-API\Reference\resources\session\authenticationtoken.html
	  			C:\gh\M-Files\_site\APIs\REST-API\Reference\resources\session\index.html
	  			C:\gh\M-Files\_site\APIs\REST-API\Reference\resources\session\userid.html
	  			C:\gh\M-Files\_site\APIs\REST-API\Reference\resources\session\vault.html
	  			C:\gh\M-Files\_site\APIs\REST-API\Reference\resources\session\vaults.html
	  			C:\gh\M-Files\_site\APIs\REST-API\Reference\structs\authentication\index.html
	  			C:\gh\M-Files\_site\APIs\REST-API\Reference\structs\automaticmetadatarequestinfo\index.html
	  			C:\gh\M-Files\_site\APIs\REST-API\Reference\structs\associatedpropertydef\index.html
	  			C:\gh\M-Files\_site\APIs\REST-API\Reference\structs\classgroup\index.html
	  			C:\gh\M-Files\_site\APIs\REST-API\Reference\structs\exceptioninfo\index.html
	  			C:\gh\M-Files\_site\APIs\REST-API\Reference\structs\extendedobjectversion\index.html
	  			C:\gh\M-Files\_site\APIs\REST-API\Reference\structs\extendedobjectclass\index.html
	  			C:\gh\M-Files\_site\APIs\REST-API\Reference\structs\filever\index.html
	  			C:\gh\M-Files\_site\APIs\REST-API\Reference\structs\foldercontentitem\index.html
	  			C:\gh\M-Files\_site\APIs\REST-API\Reference\structs\foldercontentitems\index.html
	  			C:\gh\M-Files\_site\APIs\REST-API\Reference\structs\lookup\index.html
	  			C:\gh\M-Files\_site\APIs\REST-API\Reference\structs\objectcreationinfo\index.html
	  			C:\gh\M-Files\_site\APIs\REST-API\Reference\structs\objectclass\index.html
	  			C:\gh\M-Files\_site\APIs\REST-API\Reference\structs\objectsupdateinfo\index.html
	  			C:\gh\M-Files\_site\APIs\REST-API\Reference\structs\objectfile\index.html
	  			C:\gh\M-Files\_site\APIs\REST-API\Reference\structs\objectversion\index.html
	  			C:\gh\M-Files\_site\APIs\REST-API\Reference\structs\objectworkflowstate\index.html
	  			C:\gh\M-Files\_site\APIs\REST-API\Reference\structs\objectversionupdateinformation\index.html
	  			C:\gh\M-Files\_site\APIs\REST-API\Reference\structs\objid\index.html
	  			C:\gh\M-Files\_site\APIs\REST-API\Reference\structs\objtype\index.html
	  			C:\gh\M-Files\_site\APIs\REST-API\Reference\structs\passwordchange\index.html
	  			C:\gh\M-Files\_site\APIs\REST-API\Reference\structs\plugininfoconfiguration\index.html
	  			C:\gh\M-Files\_site\APIs\REST-API\Reference\structs\objver\index.html
	  			C:\gh\M-Files\_site\APIs\REST-API\Reference\structs\primitivetypet\index.html
	  			C:\gh\M-Files\_site\APIs\REST-API\Reference\structs\propertydef\index.html
	  			C:\gh\M-Files\_site\APIs\REST-API\Reference\structs\propertyvalue\index.html
	  			C:\gh\M-Files\_site\APIs\REST-API\Reference\structs\propertyvaluesuggestion\index.html
	  			C:\gh\M-Files\_site\APIs\REST-API\Reference\structs\sharedlinkinfo\index.html
	  			C:\gh\M-Files\_site\APIs\REST-API\Reference\structs\publickey\index.html
	  			C:\gh\M-Files\_site\APIs\REST-API\Reference\structs\repositoryauthentication\index.html
	  			C:\gh\M-Files\_site\APIs\REST-API\Reference\structs\repositoryauthenticationtarget\index.html
	  			C:\gh\M-Files\_site\APIs\REST-API\Reference\structs\resultst\index.html
	  			C:\gh\M-Files\_site\APIs\REST-API\Reference\structs\servervaultcapabilities\index.html
	  			C:\gh\M-Files\_site\APIs\REST-API\Reference\structs\sessioninfo\index.html
	  			C:\gh\M-Files\_site\APIs\REST-API\Reference\structs\repositoryauthenticationstatus\index.html
	  			C:\gh\M-Files\_site\APIs\REST-API\Reference\structs\stacktraceelement\index.html
	  			C:\gh\M-Files\_site\APIs\REST-API\Reference\structs\statusresponse\index.html
	  			C:\gh\M-Files\_site\APIs\REST-API\Reference\structs\typedvalue\index.html
	  			C:\gh\M-Files\_site\APIs\REST-API\Reference\structs\vault\index.html
	  			C:\gh\M-Files\_site\APIs\REST-API\Reference\structs\workflowstate\index.html
	  			C:\gh\M-Files\_site\APIs\REST-API\Reference\structs\valuelistitem\index.html
	  			C:\gh\M-Files\_site\APIs\REST-API\Reference\structs\versioncomment\index.html
	  			C:\gh\M-Files\_site\APIs\REST-API\Reference\structs\uploadinfo\index.html
	  			C:\gh\M-Files\_site\APIs\REST-API\Reference\structs\webserviceerror\index.html
	  			C:\gh\M-Files\_site\APIs\REST-API\Reference\structs\view\index.html
	  			C:\gh\M-Files\_site\APIs\REST-API\Reference\structs\workflow\index.html
	  			C:\gh\M-Files\_site\APIs\REST-API\Reference\structs\viewlocation\index.html
	  			C:\gh\M-Files\_site\Legacy\Vault-Application-Framework\Visual-Studio\VAF2.2\Multi-Server-Mode\Recurring-Tasks\index.html
	  			C:\gh\M-Files\_site\Legacy\Vault-Application-Framework\Visual-Studio\VAF2.2\Multi-Server-Mode\Task-Queues\index.html
	  			C:\gh\M-Files\_site\Frameworks\Vault-Application-Framework\Configuration\Editors\IStableValueOptionsProvider\index.html
	  			C:\gh\M-Files\_site\APIs\REST-API\Reference\resources\sharedlinks\delete\index.html
	  			C:\gh\M-Files\_site\APIs\REST-API\Reference\resources\sharedlinks\content\index.html
	  			C:\gh\M-Files\_site\APIs\REST-API\Reference\resources\views\path\index.html
	  			C:\gh\M-Files\_site\APIs\REST-API\Reference\resources\views\path\items.html
	  			C:\gh\M-Files\_site\APIs\REST-API\Reference\resources\views\path\objects.html
	  			C:\gh\M-Files\_site\APIs\REST-API\Reference\resources\valuelists\id\items.html
	  			C:\gh\M-Files\_site\APIs\REST-API\Reference\resources\favorites\type\object.html
	  			C:\gh\M-Files\_site\APIs\REST-API\Reference\resources\structure\itemidbyalias\index.html
	  			C:\gh\M-Files\_site\APIs\REST-API\Reference\resources\structure\classes\id.html
	  			C:\gh\M-Files\_site\APIs\REST-API\Reference\resources\structure\classes\index.html
	  			C:\gh\M-Files\_site\APIs\REST-API\Reference\resources\structure\classes\itemidbyguid.html
	  			C:\gh\M-Files\_site\APIs\COM-API\Searching\ValueListItems\index.html
	  			C:\gh\M-Files\_site\APIs\REST-API\Reference\resources\structure\objecttypes\index.html
	  			C:\gh\M-Files\_site\APIs\REST-API\Reference\resources\structure\objecttypes\type.html
	  			C:\gh\M-Files\_site\APIs\REST-API\Reference\resources\structure\properties\id.html
	  			C:\gh\M-Files\_site\APIs\REST-API\Reference\resources\structure\properties\index.html
	  			C:\gh\M-Files\_site\APIs\COM-API\Searching\DataFunctionCall\index.html
	  			C:\gh\M-Files\_site\APIs\REST-API\Reference\resources\structure\workflows\id.html
	  			C:\gh\M-Files\_site\APIs\REST-API\Reference\resources\structure\workflows\index.html
	  			C:\gh\M-Files\_site\APIs\REST-API\Reference\resources\objects\automaticmetadata\index.html
	  			C:\gh\M-Files\_site\APIs\REST-API\Reference\resources\structure\valuelists\index.html
	  			C:\gh\M-Files\_site\APIs\REST-API\Reference\resources\objects\demoting-objects\index.html
	  			C:\gh\M-Files\_site\APIs\COM-API\Searching\SearchConditions\index.html
	  			C:\gh\M-Files\_site\APIs\REST-API\Reference\resources\objects\properties\index.html
	  			C:\gh\M-Files\_site\APIs\REST-API\Reference\resources\server\authenticationtokens\index.html
	  			C:\gh\M-Files\_site\APIs\REST-API\Reference\resources\server\vaults\index.html
	  			C:\gh\M-Files\_site\APIs\REST-API\Reference\resources\server\capabilities\index.html
	  			C:\gh\M-Files\_site\APIs\REST-API\Reference\resources\server\publickey\index.html
	  			C:\gh\M-Files\_site\APIs\REST-API\Reference\resources\repositories\session\index.html
	  			C:\gh\M-Files\_site\APIs\REST-API\Reference\resources\objects\setmultipleobjproperties\index.html
	  			C:\gh\M-Files\_site\APIs\REST-API\Reference\resources\server\status\index.html
	  			C:\gh\M-Files\_site\APIs\REST-API\Reference\resources\objects\type\index.html
	  			C:\gh\M-Files\_site\APIs\REST-API\Reference\resources\objects\type\objectid.html
	  			C:\gh\M-Files\_site\APIs\REST-API\Reference\resources\session\authenticationtoken\index.html
	  			C:\gh\M-Files\_site\APIs\REST-API\Reference\resources\session\vault\index.html
	  			C:\gh\M-Files\_site\APIs\REST-API\Reference\resources\session\vaults\index.html
	  			C:\gh\M-Files\_site\APIs\REST-API\Reference\resources\session\userid\index.html
	  			C:\gh\M-Files\_site\Legacy\Vault-Application-Framework\Visual-Studio\VAF2.2\Multi-Server-Mode\Task-Queues\Concurrent\index.html
	  			C:\gh\M-Files\_site\Legacy\Vault-Application-Framework\Visual-Studio\VAF2.2\Multi-Server-Mode\Task-Queues\Broadcast\index.html
	  			C:\gh\M-Files\_site\Legacy\Vault-Application-Framework\Visual-Studio\VAF2.2\Multi-Server-Mode\Task-Queues\Sequential\index.html
	  			C:\gh\M-Files\_site\APIs\REST-API\Reference\resources\views\path\objects\index.html
	  			C:\gh\M-Files\_site\APIs\REST-API\Reference\resources\views\path\items\count.html
	  			C:\gh\M-Files\_site\APIs\REST-API\Reference\resources\views\path\items\index.html
	  			C:\gh\M-Files\_site\APIs\REST-API\Reference\resources\valuelists\id\items\objectid.html
	  			C:\gh\M-Files\_site\APIs\REST-API\Reference\resources\favorites\type\objectid\index.html
	  			C:\gh\M-Files\_site\APIs\REST-API\Reference\resources\structure\classes\itemidbyguid\index.html
	  			C:\gh\M-Files\_site\APIs\REST-API\Reference\resources\structure\classes\id\icon.html
	  			C:\gh\M-Files\_site\APIs\REST-API\Reference\resources\structure\classes\id\index.html
	  			C:\gh\M-Files\_site\APIs\REST-API\Reference\resources\structure\classes\itemidbyalias\index.html
	  			C:\gh\M-Files\_site\APIs\REST-API\Reference\resources\structure\properties\id\index.html
	  			C:\gh\M-Files\_site\APIs\REST-API\Reference\resources\structure\objecttypes\itemidbyalias\index.html
	  			C:\gh\M-Files\_site\APIs\REST-API\Reference\resources\structure\properties\itemidbyalias\index.html
	  			C:\gh\M-Files\_site\APIs\REST-API\Reference\resources\structure\objecttypes\type\classes.html
	  			C:\gh\M-Files\_site\APIs\REST-API\Reference\resources\structure\objecttypes\type\icon.html
	  			C:\gh\M-Files\_site\APIs\REST-API\Reference\resources\structure\objecttypes\type\index.html
	  			C:\gh\M-Files\_site\APIs\REST-API\Reference\resources\structure\objecttypes\type\refreshstatus.html
	  			C:\gh\M-Files\_site\APIs\REST-API\Reference\resources\structure\workflows\id\index.html
	  			C:\gh\M-Files\_site\APIs\REST-API\Reference\resources\structure\workflows\id\states.html
	  			C:\gh\M-Files\_site\APIs\REST-API\Reference\resources\structure\workflows\id\statetransitions.html
	  			C:\gh\M-Files\_site\APIs\REST-API\Reference\resources\structure\workflows\itemidbyalias\index.html
	  			C:\gh\M-Files\_site\APIs\REST-API\Reference\resources\structure\valuelists\id\index.html
	  			C:\gh\M-Files\_site\APIs\REST-API\Reference\resources\structure\valuelists\itemidbyalias\index.html
	  			C:\gh\M-Files\_site\APIs\REST-API\Reference\resources\objects\type\objectid\deleted.html
	  			C:\gh\M-Files\_site\APIs\REST-API\Reference\resources\objects\type\objectid\history.html
	  			C:\gh\M-Files\_site\APIs\REST-API\Reference\resources\objects\type\objectid\index.html
	  			C:\gh\M-Files\_site\APIs\REST-API\Reference\resources\objects\type\objectid\version.html
	  			C:\gh\M-Files\_site\APIs\REST-API\Reference\resources\views\path\items\count\index.html
	  			C:\gh\M-Files\_site\APIs\REST-API\Reference\resources\valuelists\id\items\objectid\title.html
	  			C:\gh\M-Files\_site\APIs\REST-API\Reference\resources\structure\classes\id\icon\index.html
	  			C:\gh\M-Files\_site\APIs\REST-API\Reference\resources\structure\properties\id\valuelist-items\index.html
	  			C:\gh\M-Files\_site\APIs\REST-API\Reference\resources\structure\classes\itemidbyalias\alias\index.html
	  			C:\gh\M-Files\_site\APIs\REST-API\Reference\resources\structure\objecttypes\type\icon\index.html
	  			C:\gh\M-Files\_site\APIs\REST-API\Reference\resources\structure\objecttypes\itemidbyalias\alias\index.html
	  			C:\gh\M-Files\_site\APIs\REST-API\Reference\resources\structure\properties\itemidbyalias\alias\index.html
	  			C:\gh\M-Files\_site\APIs\REST-API\Reference\resources\structure\objecttypes\type\refreshstatus\index.html
	  			C:\gh\M-Files\_site\APIs\REST-API\Reference\resources\structure\objecttypes\type\classes\index.html
	  			C:\gh\M-Files\_site\APIs\REST-API\Reference\resources\structure\workflows\id\states\id.html
	  			C:\gh\M-Files\_site\APIs\REST-API\Reference\resources\structure\workflows\id\states\index.html
	  			C:\gh\M-Files\_site\APIs\REST-API\Reference\resources\structure\workflows\id\statetransitions\index.html
	  			C:\gh\M-Files\_site\APIs\REST-API\Reference\resources\structure\workflows\itemidbyalias\alias\index.html
	  			C:\gh\M-Files\_site\APIs\REST-API\Reference\resources\structure\valuelists\id\items\index.html
	  			C:\gh\M-Files\_site\APIs\REST-API\Reference\resources\structure\valuelists\itemidbyalias\alias\index.html
	  			C:\gh\M-Files\_site\APIs\REST-API\Reference\resources\objects\type\objectid\deleted\index.html
	  			C:\gh\M-Files\_site\APIs\REST-API\Reference\resources\objects\type\objectid\history\index.html
	  			C:\gh\M-Files\_site\APIs\REST-API\Reference\resources\objects\type\objectid\version\checkedout.html
	  			C:\gh\M-Files\_site\APIs\REST-API\Reference\resources\objects\type\objectid\version\comments.html
	  			C:\gh\M-Files\_site\APIs\REST-API\Reference\resources\objects\type\objectid\version\files.html
	  			C:\gh\M-Files\_site\APIs\REST-API\Reference\resources\objects\type\objectid\version\index.html
	  			C:\gh\M-Files\_site\APIs\REST-API\Reference\resources\objects\type\objectid\version\preview.html
	  			C:\gh\M-Files\_site\APIs\REST-API\Reference\resources\objects\type\objectid\version\properties.html
	  			C:\gh\M-Files\_site\APIs\REST-API\Reference\resources\objects\type\objectid\version\relationships.html
	  			C:\gh\M-Files\_site\APIs\REST-API\Reference\resources\objects\type\objectid\version\subobjects.html
	  			C:\gh\M-Files\_site\APIs\REST-API\Reference\resources\objects\type\objectid\version\title.html
	  			C:\gh\M-Files\_site\APIs\REST-API\Reference\resources\objects\type\objectid\version\workflowstate.html
	  			C:\gh\M-Files\_site\APIs\REST-API\Reference\resources\structure\workflows\id\states\itemidbyalias\index.html
	  			C:\gh\M-Files\_site\APIs\REST-API\Reference\resources\structure\workflows\id\states\id\index.html
	  			C:\gh\M-Files\_site\APIs\REST-API\Reference\resources\structure\valuelists\id\items\objectid\index.html
	  			C:\gh\M-Files\_site\APIs\REST-API\Reference\resources\structure\workflows\id\statetransitions\itemidbyalias\index.html
	  			C:\gh\M-Files\_site\APIs\REST-API\Reference\resources\objects\type\objectid\version\checkedout\index.html
	  			C:\gh\M-Files\_site\APIs\REST-API\Reference\resources\objects\type\objectid\version\comments\index.html
	  			C:\gh\M-Files\_site\APIs\REST-API\Reference\resources\objects\type\objectid\version\relationships\count.html
	  			C:\gh\M-Files\_site\APIs\REST-API\Reference\resources\objects\type\objectid\version\relationships\index.html
	  			C:\gh\M-Files\_site\APIs\REST-API\Reference\resources\objects\type\objectid\version\properties\id.html
	  			C:\gh\M-Files\_site\APIs\REST-API\Reference\resources\objects\type\objectid\version\properties\index.html
	  			C:\gh\M-Files\_site\APIs\REST-API\Reference\resources\objects\type\objectid\version\title\index.html
	  			C:\gh\M-Files\_site\APIs\REST-API\Reference\resources\objects\type\objectid\version\preview\index.html
	  			C:\gh\M-Files\_site\APIs\REST-API\Reference\resources\objects\type\objectid\version\files\file.html
	  			C:\gh\M-Files\_site\APIs\REST-API\Reference\resources\objects\type\objectid\version\files\index.html
	  			C:\gh\M-Files\_site\APIs\REST-API\Reference\resources\objects\type\objectid\version\subobjects\count.html
	  			C:\gh\M-Files\_site\APIs\REST-API\Reference\resources\objects\type\objectid\version\subobjects\index.html
	  			C:\gh\M-Files\_site\APIs\REST-API\Reference\resources\objects\type\objectid\version\workflowstate\index.html
	  			C:\gh\M-Files\_site\APIs\REST-API\Reference\resources\structure\workflows\id\states\itemidbyalias\alias\index.html
	  			C:\gh\M-Files\_site\APIs\REST-API\Reference\resources\structure\valuelists\id\items\objectid\title\index.html
	  			C:\gh\M-Files\_site\APIs\REST-API\Reference\resources\objects\type\objectid\version\properties\id\index.html
	  			C:\gh\M-Files\_site\APIs\REST-API\Reference\resources\structure\workflows\id\statetransitions\itemidbyalias\alias\index.html
	  			C:\gh\M-Files\_site\APIs\REST-API\Reference\resources\objects\type\objectid\version\relationships\count\index.html
	  			C:\gh\M-Files\_site\APIs\REST-API\Reference\resources\objects\type\objectid\version\subobjects\count\index.html
	  			C:\gh\M-Files\_site\APIs\REST-API\Reference\resources\objects\type\objectid\version\files\file\content.html
	  			C:\gh\M-Files\_site\APIs\REST-API\Reference\resources\objects\type\objectid\version\files\file\index.html
	  			C:\gh\M-Files\_site\APIs\REST-API\Reference\resources\objects\type\objectid\version\files\file\preview.html
	  			C:\gh\M-Files\_site\APIs\REST-API\Reference\resources\objects\type\objectid\version\files\file\title.html
	  			C:\gh\M-Files\_site\APIs\REST-API\Reference\resources\objects\type\objectid\version\files\file\title\index.html
	  			C:\gh\M-Files\_site\APIs\REST-API\Reference\resources\objects\type\objectid\version\files\file\preview\index.html
	  			C:\gh\M-Files\_site\APIs\REST-API\Reference\resources\objects\type\objectid\version\files\file\content\index.html
